2021-08-28 10:21:27.890 INFO server - serve: Started server process [1394]
2021-08-28 10:21:27.890 INFO on - startup: Waiting for application startup.
2021-08-28 10:21:27.890 INFO on - startup: Application startup complete.
2021-08-28 10:21:27.892 INFO server - _log_started_message: Uvicorn running on http://0.0.0.0:80 (Press CTRL+C to quit)
2021-08-28 10:25:27.198 DEBUG multipart - callback: Calling on_part_begin with no data
2021-08-28 10:25:27.198 DEBUG multipart - callback: Calling on_header_field with data[36:55]
2021-08-28 10:25:27.198 DEBUG multipart - callback: Calling on_header_value with data[57:107]
2021-08-28 10:25:27.198 DEBUG multipart - callback: Calling on_header_end with no data
2021-08-28 10:25:27.199 DEBUG multipart - callback: Calling on_headers_finished with no data
2021-08-28 10:25:27.199 DEBUG multipart - callback: Calling on_part_data with data[111:6380]
2021-08-28 10:25:27.200 DEBUG multipart - callback: Calling on_part_end with no data
2021-08-28 10:25:27.200 DEBUG multipart - callback: Calling on_end with no data
2021-08-28 10:25:27.201 INFO service - predict_binary: predict_binary
2021-08-28 10:25:27.206 ERROR service - predict_binary: name 'image' is not defined
Traceback (most recent call last):
  File "./service.py", line 125, in predict_binary
    x, y = net.predict(image, warp=False)
NameError: name 'image' is not defined
2021-08-28 10:25:55.438 INFO server - shutdown: Shutting down
2021-08-28 10:25:55.539 INFO on - shutdown: Waiting for application shutdown.
2021-08-28 10:25:55.540 INFO on - shutdown: Application shutdown complete.
2021-08-28 10:25:55.542 INFO server - serve: Finished server process [1394]
